<?xml version="1.0" encoding="UTF-8"?>
<!-- Generated by org.testng.reporters.JUnitReportReporter -->
<testsuite hostname="Users-MacBook-Pro.local" failures="0" tests="3" name="com.softwaretestingboard.magento.miniproject.RegistrationTest" time="5.310" errors="0" timestamp="02 Nov 2022 22:14:34 GMT" skipped="0">
  <testcase classname="com.softwaretestingboard.magento.miniproject.RegistrationTest" name="RegistrationTest" time="1.613"/>
  <testcase classname="com.softwaretestingboard.magento.miniproject.RegistrationTest" name="PageTitle" time="0.010"/>
  <testcase classname="com.softwaretestingboard.magento.miniproject.RegistrationTest" name="SignInTest" time="3.687"/>
</testsuite> <!-- com.softwaretestingboard.magento.miniproject.RegistrationTest -->
