<?xml version="1.0" encoding="UTF-8"?>
<!-- Generated by org.testng.reporters.JUnitReportReporter -->
<testsuite hostname="Users-MacBook-Pro.local" failures="0" tests="5" name="com.softwaretestingboard.magento.miniproject.CompleteTest" time="51.233" errors="0" timestamp="2022-11-12T16:55:35 CET" skipped="0">
  <testcase classname="com.softwaretestingboard.magento.miniproject.CompleteTest" name="RegistrationTest" time="6.236"/>
  <system-out/>
  <testcase classname="com.softwaretestingboard.magento.miniproject.CompleteTest" name="LogInTest" time="8.045"/>
  <system-out/>
  <testcase classname="com.softwaretestingboard.magento.miniproject.CompleteTest" name="CheckPageFilters" time="3.728"/>
  <system-out/>
  <testcase classname="com.softwaretestingboard.magento.miniproject.CompleteTest" name="wishListControlTest" time="8.347"/>
  <system-out/>
  <testcase classname="com.softwaretestingboard.magento.miniproject.CompleteTest" name="ShopCartTests" time="24.877"/>
  <system-out/>
</testsuite> <!-- com.softwaretestingboard.magento.miniproject.CompleteTest -->
